<?xml version="1.0" encoding="UTF-8" standalone="no"?>
<testsuite failures="1" name="cucumber.runtime.formatter.JUnitFormatter" skipped="0" tests="1" time="13.765889">
<testcase classname="Automated End2End Tests" name="Customer place an order by purchasing an item from search" time="13.765889">
<failure message="java.lang.IndexOutOfBoundsException: Index: 0, Size: 0&#13;&#10;&#9;at java.util.ArrayList.rangeCheck(Unknown Source)&#13;&#10;&#9;at java.util.ArrayList.get(Unknown Source)&#13;&#10;&#9;at sun.reflect.NativeMethodAccessorImpl.invoke0(Native Method)&#13;&#10;&#9;at sun.reflect.NativeMethodAccessorImpl.invoke(Unknown Source)&#13;&#10;&#9;at sun.reflect.DelegatingMethodAccessorImpl.invoke(Unknown Source)&#13;&#10;&#9;at java.lang.reflect.Method.invoke(Unknown Source)&#13;&#10;&#9;at org.openqa.selenium.support.pagefactory.internal.LocatingElementListHandler.invoke(LocatingElementListHandler.java:39)&#13;&#10;&#9;at com.sun.proxy.$Proxy20.get(Unknown Source)&#13;&#10;&#9;at pageObjects.ProductListingPage.select_Product(ProductListingPage.java:30)&#13;&#10;&#9;at stepDefinitions.ProductPageSteps.choose_to_buy_the_first_item(ProductPageSteps.java:24)&#13;&#10;&#9;at ✽.And choose to buy the first item(End2End_Tests.feature:7)&#13;&#10;"><![CDATA[Given user is on Home Page..................................................passed
When he search for "dress"..................................................passed
And choose to buy the first item............................................failed
And moves to checkout from mini cart........................................skipped
And enter "Sarayu" personal details on checkout page........................skipped
And select same delivery address............................................skipped
And select payment method as "check" payment................................skipped
And place the order.........................................................skipped
Then browser close..........................................................skipped

StackTrace:
java.lang.IndexOutOfBoundsException: Index: 0, Size: 0
	at java.util.ArrayList.rangeCheck(Unknown Source)
	at java.util.ArrayList.get(Unknown Source)
	at sun.reflect.NativeMethodAccessorImpl.invoke0(Native Method)
	at sun.reflect.NativeMethodAccessorImpl.invoke(Unknown Source)
	at sun.reflect.DelegatingMethodAccessorImpl.invoke(Unknown Source)
	at java.lang.reflect.Method.invoke(Unknown Source)
	at org.openqa.selenium.support.pagefactory.internal.LocatingElementListHandler.invoke(LocatingElementListHandler.java:39)
	at com.sun.proxy.$Proxy20.get(Unknown Source)
	at pageObjects.ProductListingPage.select_Product(ProductListingPage.java:30)
	at stepDefinitions.ProductPageSteps.choose_to_buy_the_first_item(ProductPageSteps.java:24)
	at ✽.And choose to buy the first item(End2End_Tests.feature:7)
]]></failure>
</testcase>
</testsuite>
